
  You can now view your Streamlit app in your browser.

  Local URL: http://localhost:8000
  Network URL: http://10.63.78.18:8000

  For better performance, install the Watchdog module:

  $ xcode-select --install
  $ pip install watchdog
            
2026-01-29 20:36:03.759 Please replace `use_container_width` with `width`.

`use_container_width` will be removed after 2025-12-31.

For `use_container_width=True`, use `width='stretch'`. For `use_container_width=False`, use `width='content'`.
OpenCV: Couldn't read video stream from file "/Users/lalithasharmavelpuru/Documents/IIIT Kurnool Hackathon/output/15035729_2160_3840_30fps_overlay.mp4"
OpenCV: Couldn't read video stream from file "/Users/lalithasharmavelpuru/Documents/IIIT Kurnool Hackathon/output/15035729_2160_3840_30fps_overlay.mp4"
OpenCV: Couldn't read video stream from file "/Users/lalithasharmavelpuru/Documents/IIIT Kurnool Hackathon/output/15035729_2160_3840_30fps_overlay.mp4"
OpenCV: Couldn't read video stream from file "/Users/lalithasharmavelpuru/Documents/IIIT Kurnool Hackathon/output/15035729_2160_3840_30fps_overlay.mp4"
OpenCV: Couldn't read video stream from file "/Users/lalithasharmavelpuru/Documents/IIIT Kurnool Hackathon/output/15035729_2160_3840_30fps_overlay.mp4"
OpenCV: Couldn't read video stream from file "/Users/lalithasharmavelpuru/Documents/IIIT Kurnool Hackathon/output/15035729_2160_3840_30fps_overlay.mp4"
OpenCV: Couldn't read video stream from file "/Users/lalithasharmavelpuru/Documents/IIIT Kurnool Hackathon/output/15035729_2160_3840_30fps_overlay.mp4"
OpenCV: Couldn't read video stream from file "/Users/lalithasharmavelpuru/Documents/IIIT Kurnool Hackathon/output/15035729_2160_3840_30fps_overlay.mp4"
OpenCV: Couldn't read video stream from file "/Users/lalithasharmavelpuru/Documents/IIIT Kurnool Hackathon/output/15035729_2160_3840_30fps_overlay.mp4"
OpenCV: Couldn't read video stream from file "/Users/lalithasharmavelpuru/Documents/IIIT Kurnool Hackathon/output/15035729_2160_3840_30fps_overlay.mp4"
OpenCV: Couldn't read video stream from file "/Users/lalithasharmavelpuru/Documents/IIIT Kurnool Hackathon/output/15035729_2160_3840_30fps_overlay.mp4"
OpenCV: Couldn't read video stream from file "/Users/lalithasharmavelpuru/Documents/IIIT Kurnool Hackathon/output/15035729_2160_3840_30fps_overlay.mp4"
OpenCV: Couldn't read video stream from file "/Users/lalithasharmavelpuru/Documents/IIIT Kurnool Hackathon/output/15035729_2160_3840_30fps_overlay.mp4"
OpenCV: Couldn't read video stream from file "/Users/lalithasharmavelpuru/Documents/IIIT Kurnool Hackathon/output/15035729_2160_3840_30fps_overlay.mp4"
OpenCV: Couldn't read video stream from file "/Users/lalithasharmavelpuru/Documents/IIIT Kurnool Hackathon/output/15035729_2160_3840_30fps_overlay.mp4"
OpenCV: Couldn't read video stream from file "/Users/lalithasharmavelpuru/Documents/IIIT Kurnool Hackathon/output/15035729_2160_3840_30fps_overlay.mp4"
OpenCV: Couldn't read video stream from file "/Users/lalithasharmavelpuru/Documents/IIIT Kurnool Hackathon/output/15035729_2160_3840_30fps_overlay.mp4"
OpenCV: Couldn't read video stream from file "/Users/lalithasharmavelpuru/Documents/IIIT Kurnool Hackathon/output/15035729_2160_3840_30fps_overlay.mp4"
OpenCV: Couldn't read video stream from file "/Users/lalithasharmavelpuru/Documents/IIIT Kurnool Hackathon/output/15035729_2160_3840_30fps_overlay.mp4"
OpenCV: Couldn't read video stream from file "/Users/lalithasharmavelpuru/Documents/IIIT Kurnool Hackathon/output/15035729_2160_3840_30fps_overlay.mp4"
OpenCV: Couldn't read video stream from file "/Users/lalithasharmavelpuru/Documents/IIIT Kurnool Hackathon/output/15035729_2160_3840_30fps_overlay.mp4"
OpenCV: Couldn't read video stream from file "/Users/lalithasharmavelpuru/Documents/IIIT Kurnool Hackathon/output/15035729_2160_3840_30fps_overlay.mp4"
OpenCV: Couldn't read video stream from file "/Users/lalithasharmavelpuru/Documents/IIIT Kurnool Hackathon/output/15035729_2160_3840_30fps_overlay.mp4"
OpenCV: Couldn't read video stream from file "/Users/lalithasharmavelpuru/Documents/IIIT Kurnool Hackathon/output/15035729_2160_3840_30fps_overlay.mp4"
OpenCV: Couldn't read video stream from file "/Users/lalithasharmavelpuru/Documents/IIIT Kurnool Hackathon/output/15035729_2160_3840_30fps_overlay.mp4"
2026-01-29 20:50:18.444 Please replace `use_container_width` with `width`.

`use_container_width` will be removed after 2025-12-31.

For `use_container_width=True`, use `width='stretch'`. For `use_container_width=False`, use `width='content'`.
2026-01-29 21:02:39.200 Please replace `use_container_width` with `width`.

`use_container_width` will be removed after 2025-12-31.

For `use_container_width=True`, use `width='stretch'`. For `use_container_width=False`, use `width='content'`.
2026-01-29 21:03:59.508 Please replace `use_container_width` with `width`.

`use_container_width` will be removed after 2025-12-31.

For `use_container_width=True`, use `width='stretch'`. For `use_container_width=False`, use `width='content'`.
2026-01-29 21:11:15.576 Please replace `use_container_width` with `width`.

`use_container_width` will be removed after 2025-12-31.

For `use_container_width=True`, use `width='stretch'`. For `use_container_width=False`, use `width='content'`.
2026-01-29 21:11:43.357 Please replace `use_container_width` with `width`.

`use_container_width` will be removed after 2025-12-31.

For `use_container_width=True`, use `width='stretch'`. For `use_container_width=False`, use `width='content'`.
2026-01-29 21:11:58.656 Please replace `use_container_width` with `width`.

`use_container_width` will be removed after 2025-12-31.

For `use_container_width=True`, use `width='stretch'`. For `use_container_width=False`, use `width='content'`.
2026-01-29 21:12:39.286 Please replace `use_container_width` with `width`.

`use_container_width` will be removed after 2025-12-31.

For `use_container_width=True`, use `width='stretch'`. For `use_container_width=False`, use `width='content'`.
2026-01-29 21:13:12.661 Please replace `use_container_width` with `width`.

`use_container_width` will be removed after 2025-12-31.

For `use_container_width=True`, use `width='stretch'`. For `use_container_width=False`, use `width='content'`.
2026-01-29 21:14:19.468 Please replace `use_container_width` with `width`.

`use_container_width` will be removed after 2025-12-31.

For `use_container_width=True`, use `width='stretch'`. For `use_container_width=False`, use `width='content'`.
  Stopping...
